Results of psalm linter (version 4.3.1)
See documentation on https://megalinter.github.io/descriptors/php_psalm/
-----------------------------------------------

[ERROR] .automation/test/php/php_bad_1.php
    Scanning files...
    Analyzing files...
    
    E
    
    ERROR: ParseError - ../../...automation/test/php/php_bad_1.php:3:2 - Syntax error, unexpected T_STRING on line 3 (see https://psalm.dev/173)
    2pe98y r-n0u823n=r  092u3- r08u2q098ry 09nq2yr09n2yr9 y2n-93yr  298yr3  29
    
    
    ERROR: UndefinedConstant - ../../...automation/test/php/php_bad_1.php:3:2 - Const pe98y is not defined (see https://psalm.dev/020)
    2pe98y r-n0u823n=r  092u3- r08u2q098ry 09nq2yr09n2yr9 y2n-93yr  298yr3  29
    
    
    ERROR: UndefinedConstant - ../../...automation/test/php/php_bad_1.php:3:8 - Const r is not defined (see https://psalm.dev/020)
    2pe98y r-n0u823n=r  092u3- r08u2q098ry 09nq2yr09n2yr9 y2n-93yr  298yr3  29
    
    
    ERROR: UndefinedConstant - ../../...automation/test/php/php_bad_1.php:3:10 - Const n0u823n is not defined (see https://psalm.dev/020)
    2pe98y r-n0u823n=r  092u3- r08u2q098ry 09nq2yr09n2yr9 y2n-93yr  298yr3  29
    
    
    ERROR: ParseError - ../../...automation/test/php/php_bad_1.php:3:17 - Syntax error, unexpected '=' on line 3 (see https://psalm.dev/173)
    2pe98y r-n0u823n=r  092u3- r08u2q098ry 09nq2yr09n2yr9 y2n-93yr  298yr3  29
    
    
    ERROR: UndefinedConstant - ../../...automation/test/php/php_bad_1.php:3:18 - Const r is not defined (see https://psalm.dev/020)
    2pe98y r-n0u823n=r  092u3- r08u2q098ry 09nq2yr09n2yr9 y2n-93yr  298yr3  29
    
    
    ERROR: ParseError - ../../...automation/test/php/php_bad_1.php:3:21 - Invalid numeric literal on line 3 (see https://psalm.dev/173)
    2pe98y r-n0u823n=r  092u3- r08u2q098ry 09nq2yr09n2yr9 y2n-93yr  298yr3  29
    
    
    ERROR: UndefinedConstant - ../../...automation/test/php/php_bad_1.php:3:24 - Const u3 is not defined (see https://psalm.dev/020)
    2pe98y r-n0u823n=r  092u3- r08u2q098ry 09nq2yr09n2yr9 y2n-93yr  298yr3  29
    
    
    ERROR: UndefinedConstant - ../../...automation/test/php/php_bad_1.php:3:28 - Const r08u2q098ry is not defined (see https://psalm.dev/020)
    2pe98y r-n0u823n=r  092u3- r08u2q098ry 09nq2yr09n2yr9 y2n-93yr  298yr3  29
    
    
    ERROR: ParseError - ../../...automation/test/php/php_bad_1.php:3:40 - Syntax error, unexpected T_LNUMBER on line 3 (see https://psalm.dev/173)
    2pe98y r-n0u823n=r  092u3- r08u2q098ry 09nq2yr09n2yr9 y2n-93yr  298yr3  29
    
    
    ERROR: UndefinedConstant - ../../...automation/test/php/php_bad_1.php:3:42 - Const nq2yr09n2yr9 is not defined (see https://psalm.dev/020)
    2pe98y r-n0u823n=r  092u3- r08u2q098ry 09nq2yr09n2yr9 y2n-93yr  298yr3  29
    
    
    ERROR: UndefinedConstant - ../../...automation/test/php/php_bad_1.php:3:55 - Const y2n is not defined (see https://psalm.dev/020)
    2pe98y r-n0u823n=r  092u3- r08u2q098ry 09nq2yr09n2yr9 y2n-93yr  298yr3  29
    
    
    ERROR: ParseError - ../../...automation/test/php/php_bad_1.php:3:61 - Syntax error, unexpected T_STRING on line 3 (see https://psalm.dev/173)
    2pe98y r-n0u823n=r  092u3- r08u2q098ry 09nq2yr09n2yr9 y2n-93yr  298yr3  29
    
    
    ERROR: UndefinedConstant - ../../...automation/test/php/php_bad_1.php:3:61 - Const yr is not defined (see https://psalm.dev/020)
    2pe98y r-n0u823n=r  092u3- r08u2q098ry 09nq2yr09n2yr9 y2n-93yr  298yr3  29
    
    
    ERROR: UndefinedConstant - ../../...automation/test/php/php_bad_1.php:3:68 - Const yr3 is not defined (see https://psalm.dev/020)
    2pe98y r-n0u823n=r  092u3- r08u2q098ry 09nq2yr09n2yr9 y2n-93yr  298yr3  29
    
    
    ------------------------------
    15 errors found
    ------------------------------
    
    Checks took 0.30 seconds and used 39.560MB of memory
    Psalm was unable to infer types in the codebase

[ERROR] .automation/test/php/php_bad_2.php
    Scanning files...
    Analyzing files...
    
    E
    
    ERROR: InvalidReturnType - ../../...automation/test/php/php_bad_2.php:4:12 - The declared return type 'array<array-key, string>' for takesAnInt is incorrect, got 'array{int, string(hello)}' (see https://psalm.dev/011)
     * @return array<string>
    
    
    ERROR: InvalidReturnStatement - ../../...automation/test/php/php_bad_2.php:7:12 - The inferred type 'array{int, string(hello)}' does not match the declared return type 'array<array-key, string>' for takesAnInt (see https://psalm.dev/128)
        return [$i, "hello"];
    
    
    ERROR: InvalidScalarArgument - ../../...automation/test/php/php_bad_2.php:11:12 - Argument 1 of takesAnInt expects int, string(some text) provided (see https://psalm.dev/012)
    takesAnInt($data[0]);
    
    
    ERROR: ParseError - ../../...automation/test/php/php_bad_2.php:15:1 - Syntax error, unexpected '}' on line 15 (see https://psalm.dev/173)
    } elseif ($condition) {}
    
    
    ------------------------------
    4 errors found
    ------------------------------
    Psalm can automatically fix 1 of these issues.
    Run Psalm again with 
    --alter --issues=InvalidReturnType --dry-run
    to see what it can fix.
    ------------------------------
    
    Checks took 0.32 seconds and used 36.047MB of memory
    Psalm was unable to infer types in the codebase

